# ./../../android/jni/libvpx/configure --target=armv7-darwin-gcc --disable-examples --disable-vp9 --disable-docs --disable-install-libs --disable-install-bins --enable-postproc --enable-realtime-only --enable-error-concealment --disable-webm-io
Configuring selected codecs
  enabling vp8_encoder
  enabling vp8_decoder
Configuring for target 'armv7-darwin-gcc'
  enabling armv7
  enabling neon
  enabling media
  enabling edsp
  enabling fast_unaligned
add_asflags --defsym ARCHITECTURE=7
check_cpp
BEGIN /var/folders/5y/sqb03sj90qxbqqpcsxy423nh0000gn/T//vpx-conf-26494-11960.c
     1	#ifndef __ARM_PCS_VFP
     2	#error "not hardfp"
     3	#endif
END /var/folders/5y/sqb03sj90qxbqqpcsxy423nh0000gn/T//vpx-conf-26494-11960.c
arm-none-linux-gnueabi-gcc -E -o /var/folders/5y/sqb03sj90qxbqqpcsxy423nh0000gn/T//vpx-conf-26494-11960.o /var/folders/5y/sqb03sj90qxbqqpcsxy423nh0000gn/T//vpx-conf-26494-11960.c
./../../android/jni/libvpx/build/make/configure.sh: line 286: arm-none-linux-gnueabi-gcc: command not found
check_cxxflags -march=armv7-a -mfloat-abi=softfp
check_cxx -Werror -march=armv7-a -mfloat-abi=softfp
BEGIN /var/folders/5y/sqb03sj90qxbqqpcsxy423nh0000gn/T//vpx-conf-26494-11960.cc
     1	int x;
END /var/folders/5y/sqb03sj90qxbqqpcsxy423nh0000gn/T//vpx-conf-26494-11960.cc
arm-none-linux-gnueabi-g++ -Werror -march=armv7-a -mfloat-abi=softfp -c -o /var/folders/5y/sqb03sj90qxbqqpcsxy423nh0000gn/T//vpx-conf-26494-11960.o /var/folders/5y/sqb03sj90qxbqqpcsxy423nh0000gn/T//vpx-conf-26494-11960.cc
./../../android/jni/libvpx/build/make/configure.sh: line 286: arm-none-linux-gnueabi-g++: command not found
check_cflags -march=armv7-a -mfloat-abi=softfp
check_cc -Werror -march=armv7-a -mfloat-abi=softfp
BEGIN /var/folders/5y/sqb03sj90qxbqqpcsxy423nh0000gn/T//vpx-conf-26494-11960.c
     1	int x;
END /var/folders/5y/sqb03sj90qxbqqpcsxy423nh0000gn/T//vpx-conf-26494-11960.c
arm-none-linux-gnueabi-gcc -Werror -march=armv7-a -mfloat-abi=softfp -c -o /var/folders/5y/sqb03sj90qxbqqpcsxy423nh0000gn/T//vpx-conf-26494-11960.o /var/folders/5y/sqb03sj90qxbqqpcsxy423nh0000gn/T//vpx-conf-26494-11960.c
./../../android/jni/libvpx/build/make/configure.sh: line 286: arm-none-linux-gnueabi-gcc: command not found
add_asflags -march=armv7-a -mfloat-abi=softfp
check_cxxflags -mfpu=neon
check_cxx -Werror -mfpu=neon
BEGIN /var/folders/5y/sqb03sj90qxbqqpcsxy423nh0000gn/T//vpx-conf-26494-11960.cc
     1	int x;
END /var/folders/5y/sqb03sj90qxbqqpcsxy423nh0000gn/T//vpx-conf-26494-11960.cc
arm-none-linux-gnueabi-g++ -Werror -mfpu=neon -c -o /var/folders/5y/sqb03sj90qxbqqpcsxy423nh0000gn/T//vpx-conf-26494-11960.o /var/folders/5y/sqb03sj90qxbqqpcsxy423nh0000gn/T//vpx-conf-26494-11960.cc
./../../android/jni/libvpx/build/make/configure.sh: line 286: arm-none-linux-gnueabi-g++: command not found
check_cflags -mfpu=neon
check_cc -Werror -mfpu=neon
BEGIN /var/folders/5y/sqb03sj90qxbqqpcsxy423nh0000gn/T//vpx-conf-26494-11960.c
     1	int x;
END /var/folders/5y/sqb03sj90qxbqqpcsxy423nh0000gn/T//vpx-conf-26494-11960.c
arm-none-linux-gnueabi-gcc -Werror -mfpu=neon -c -o /var/folders/5y/sqb03sj90qxbqqpcsxy423nh0000gn/T//vpx-conf-26494-11960.o /var/folders/5y/sqb03sj90qxbqqpcsxy423nh0000gn/T//vpx-conf-26494-11960.c
./../../android/jni/libvpx/build/make/configure.sh: line 286: arm-none-linux-gnueabi-gcc: command not found
add_asflags -mfpu=neon
check_cxxflags -mtune=cortex-a8
check_cxx -Werror -mtune=cortex-a8
BEGIN /var/folders/5y/sqb03sj90qxbqqpcsxy423nh0000gn/T//vpx-conf-26494-11960.cc
     1	int x;
END /var/folders/5y/sqb03sj90qxbqqpcsxy423nh0000gn/T//vpx-conf-26494-11960.cc
/Applications/Xcode.app/Contents/Developer/Toolchains/XcodeDefault.xctoolchain/usr/bin/clang++ -arch armv7 -isysroot /Applications/Xcode.app/Contents/Developer/Platforms/iPhoneOS.platform/Developer/SDKs/iPhoneOS7.1.sdk -Werror -mtune=cortex-a8 -c -o /var/folders/5y/sqb03sj90qxbqqpcsxy423nh0000gn/T//vpx-conf-26494-11960.o /var/folders/5y/sqb03sj90qxbqqpcsxy423nh0000gn/T//vpx-conf-26494-11960.cc
check_cflags -mtune=cortex-a8
check_cc -Werror -mtune=cortex-a8
BEGIN /var/folders/5y/sqb03sj90qxbqqpcsxy423nh0000gn/T//vpx-conf-26494-11960.c
     1	int x;
END /var/folders/5y/sqb03sj90qxbqqpcsxy423nh0000gn/T//vpx-conf-26494-11960.c
/Applications/Xcode.app/Contents/Developer/Toolchains/XcodeDefault.xctoolchain/usr/bin/clang -arch armv7 -isysroot /Applications/Xcode.app/Contents/Developer/Platforms/iPhoneOS.platform/Developer/SDKs/iPhoneOS7.1.sdk -Werror -mtune=cortex-a8 -c -o /var/folders/5y/sqb03sj90qxbqqpcsxy423nh0000gn/T//vpx-conf-26494-11960.o /var/folders/5y/sqb03sj90qxbqqpcsxy423nh0000gn/T//vpx-conf-26494-11960.c
check_cxxflags -O3
check_cxx -Werror -O3
BEGIN /var/folders/5y/sqb03sj90qxbqqpcsxy423nh0000gn/T//vpx-conf-26494-11960.cc
     1	int x;
END /var/folders/5y/sqb03sj90qxbqqpcsxy423nh0000gn/T//vpx-conf-26494-11960.cc
/Applications/Xcode.app/Contents/Developer/Toolchains/XcodeDefault.xctoolchain/usr/bin/clang++ -arch armv7 -isysroot /Applications/Xcode.app/Contents/Developer/Platforms/iPhoneOS.platform/Developer/SDKs/iPhoneOS7.1.sdk -mtune=cortex-a8 -Werror -O3 -c -o /var/folders/5y/sqb03sj90qxbqqpcsxy423nh0000gn/T//vpx-conf-26494-11960.o /var/folders/5y/sqb03sj90qxbqqpcsxy423nh0000gn/T//vpx-conf-26494-11960.cc
check_cflags -O3
check_cc -Werror -O3
BEGIN /var/folders/5y/sqb03sj90qxbqqpcsxy423nh0000gn/T//vpx-conf-26494-11960.c
     1	int x;
END /var/folders/5y/sqb03sj90qxbqqpcsxy423nh0000gn/T//vpx-conf-26494-11960.c
/Applications/Xcode.app/Contents/Developer/Toolchains/XcodeDefault.xctoolchain/usr/bin/clang -arch armv7 -isysroot /Applications/Xcode.app/Contents/Developer/Platforms/iPhoneOS.platform/Developer/SDKs/iPhoneOS7.1.sdk -mtune=cortex-a8 -Werror -O3 -c -o /var/folders/5y/sqb03sj90qxbqqpcsxy423nh0000gn/T//vpx-conf-26494-11960.o /var/folders/5y/sqb03sj90qxbqqpcsxy423nh0000gn/T//vpx-conf-26494-11960.c
  enabling use_x86inc
check_cc
BEGIN /var/folders/5y/sqb03sj90qxbqqpcsxy423nh0000gn/T//vpx-conf-26494-11960.c
     1	    unsigned int e = 'O'<<24 | '2'<<16 | 'B'<<8 | 'E';
END /var/folders/5y/sqb03sj90qxbqqpcsxy423nh0000gn/T//vpx-conf-26494-11960.c
/Applications/Xcode.app/Contents/Developer/Toolchains/XcodeDefault.xctoolchain/usr/bin/clang -arch armv7 -isysroot /Applications/Xcode.app/Contents/Developer/Platforms/iPhoneOS.platform/Developer/SDKs/iPhoneOS7.1.sdk -mtune=cortex-a8 -O3 -c -o /var/folders/5y/sqb03sj90qxbqqpcsxy423nh0000gn/T//vpx-conf-26494-11960.o /var/folders/5y/sqb03sj90qxbqqpcsxy423nh0000gn/T//vpx-conf-26494-11960.c
check_cc
BEGIN /var/folders/5y/sqb03sj90qxbqqpcsxy423nh0000gn/T//vpx-conf-26494-11960.c
     1	    static inline function() {}
END /var/folders/5y/sqb03sj90qxbqqpcsxy423nh0000gn/T//vpx-conf-26494-11960.c
/Applications/Xcode.app/Contents/Developer/Toolchains/XcodeDefault.xctoolchain/usr/bin/clang -arch armv7 -isysroot /Applications/Xcode.app/Contents/Developer/Platforms/iPhoneOS.platform/Developer/SDKs/iPhoneOS7.1.sdk -mtune=cortex-a8 -O3 -c -o /var/folders/5y/sqb03sj90qxbqqpcsxy423nh0000gn/T//vpx-conf-26494-11960.o /var/folders/5y/sqb03sj90qxbqqpcsxy423nh0000gn/T//vpx-conf-26494-11960.c
/var/folders/5y/sqb03sj90qxbqqpcsxy423nh0000gn/T//vpx-conf-26494-11960.c:1:19: warning: type specifier missing, defaults to 'int' [-Wimplicit-int]
    static inline function() {}
    ~~~~~~~~~~~~~ ^
/var/folders/5y/sqb03sj90qxbqqpcsxy423nh0000gn/T//vpx-conf-26494-11960.c:1:31: warning: control reaches end of non-void function [-Wreturn-type]
    static inline function() {}
                              ^
2 warnings generated.
check_cc
BEGIN /var/folders/5y/sqb03sj90qxbqqpcsxy423nh0000gn/T//vpx-conf-26494-11960.c
     1	    static __attribute__((always_inline)) function() {}
END /var/folders/5y/sqb03sj90qxbqqpcsxy423nh0000gn/T//vpx-conf-26494-11960.c
/Applications/Xcode.app/Contents/Developer/Toolchains/XcodeDefault.xctoolchain/usr/bin/clang -arch armv7 -isysroot /Applications/Xcode.app/Contents/Developer/Platforms/iPhoneOS.platform/Developer/SDKs/iPhoneOS7.1.sdk -mtune=cortex-a8 -O3 -c -o /var/folders/5y/sqb03sj90qxbqqpcsxy423nh0000gn/T//vpx-conf-26494-11960.o /var/folders/5y/sqb03sj90qxbqqpcsxy423nh0000gn/T//vpx-conf-26494-11960.c
/var/folders/5y/sqb03sj90qxbqqpcsxy423nh0000gn/T//vpx-conf-26494-11960.c:1:43: warning: type specifier missing, defaults to 'int' [-Wimplicit-int]
    static __attribute__((always_inline)) function() {}
    ~~~~~~                                ^
/var/folders/5y/sqb03sj90qxbqqpcsxy423nh0000gn/T//vpx-conf-26494-11960.c:1:55: warning: control reaches end of non-void function [-Wreturn-type]
    static __attribute__((always_inline)) function() {}
                                                      ^
2 warnings generated.
check_header pthread.h
check_cpp
BEGIN /var/folders/5y/sqb03sj90qxbqqpcsxy423nh0000gn/T//vpx-conf-26494-11960.c
     1	#include "pthread.h"
     2	int x;
END /var/folders/5y/sqb03sj90qxbqqpcsxy423nh0000gn/T//vpx-conf-26494-11960.c
/Applications/Xcode.app/Contents/Developer/Toolchains/XcodeDefault.xctoolchain/usr/bin/clang -arch armv7 -isysroot /Applications/Xcode.app/Contents/Developer/Platforms/iPhoneOS.platform/Developer/SDKs/iPhoneOS7.1.sdk -mtune=cortex-a8 -O3 -E -o /var/folders/5y/sqb03sj90qxbqqpcsxy423nh0000gn/T//vpx-conf-26494-11960.o /var/folders/5y/sqb03sj90qxbqqpcsxy423nh0000gn/T//vpx-conf-26494-11960.c
check_cxxflags -Wall
check_cxx -Werror -Wall
BEGIN /var/folders/5y/sqb03sj90qxbqqpcsxy423nh0000gn/T//vpx-conf-26494-11960.cc
     1	int x;
END /var/folders/5y/sqb03sj90qxbqqpcsxy423nh0000gn/T//vpx-conf-26494-11960.cc
/Applications/Xcode.app/Contents/Developer/Toolchains/XcodeDefault.xctoolchain/usr/bin/clang++ -arch armv7 -isysroot /Applications/Xcode.app/Contents/Developer/Platforms/iPhoneOS.platform/Developer/SDKs/iPhoneOS7.1.sdk -mtune=cortex-a8 -O3 -Werror -Wall -c -o /var/folders/5y/sqb03sj90qxbqqpcsxy423nh0000gn/T//vpx-conf-26494-11960.o /var/folders/5y/sqb03sj90qxbqqpcsxy423nh0000gn/T//vpx-conf-26494-11960.cc
check_cflags -Wall
check_cc -Werror -Wall
BEGIN /var/folders/5y/sqb03sj90qxbqqpcsxy423nh0000gn/T//vpx-conf-26494-11960.c
     1	int x;
END /var/folders/5y/sqb03sj90qxbqqpcsxy423nh0000gn/T//vpx-conf-26494-11960.c
/Applications/Xcode.app/Contents/Developer/Toolchains/XcodeDefault.xctoolchain/usr/bin/clang -arch armv7 -isysroot /Applications/Xcode.app/Contents/Developer/Platforms/iPhoneOS.platform/Developer/SDKs/iPhoneOS7.1.sdk -mtune=cortex-a8 -O3 -Werror -Wall -c -o /var/folders/5y/sqb03sj90qxbqqpcsxy423nh0000gn/T//vpx-conf-26494-11960.o /var/folders/5y/sqb03sj90qxbqqpcsxy423nh0000gn/T//vpx-conf-26494-11960.c
check_cxxflags -Wdeclaration-after-statement
check_cxx -Werror -Wdeclaration-after-statement
BEGIN /var/folders/5y/sqb03sj90qxbqqpcsxy423nh0000gn/T//vpx-conf-26494-11960.cc
     1	int x;
END /var/folders/5y/sqb03sj90qxbqqpcsxy423nh0000gn/T//vpx-conf-26494-11960.cc
/Applications/Xcode.app/Contents/Developer/Toolchains/XcodeDefault.xctoolchain/usr/bin/clang++ -arch armv7 -isysroot /Applications/Xcode.app/Contents/Developer/Platforms/iPhoneOS.platform/Developer/SDKs/iPhoneOS7.1.sdk -mtune=cortex-a8 -O3 -Wall -Werror -Wdeclaration-after-statement -c -o /var/folders/5y/sqb03sj90qxbqqpcsxy423nh0000gn/T//vpx-conf-26494-11960.o /var/folders/5y/sqb03sj90qxbqqpcsxy423nh0000gn/T//vpx-conf-26494-11960.cc
check_cflags -Wdeclaration-after-statement
check_cc -Werror -Wdeclaration-after-statement
BEGIN /var/folders/5y/sqb03sj90qxbqqpcsxy423nh0000gn/T//vpx-conf-26494-11960.c
     1	int x;
END /var/folders/5y/sqb03sj90qxbqqpcsxy423nh0000gn/T//vpx-conf-26494-11960.c
/Applications/Xcode.app/Contents/Developer/Toolchains/XcodeDefault.xctoolchain/usr/bin/clang -arch armv7 -isysroot /Applications/Xcode.app/Contents/Developer/Platforms/iPhoneOS.platform/Developer/SDKs/iPhoneOS7.1.sdk -mtune=cortex-a8 -O3 -Wall -Werror -Wdeclaration-after-statement -c -o /var/folders/5y/sqb03sj90qxbqqpcsxy423nh0000gn/T//vpx-conf-26494-11960.o /var/folders/5y/sqb03sj90qxbqqpcsxy423nh0000gn/T//vpx-conf-26494-11960.c
check_cxxflags -Wdisabled-optimization
check_cxx -Werror -Wdisabled-optimization
BEGIN /var/folders/5y/sqb03sj90qxbqqpcsxy423nh0000gn/T//vpx-conf-26494-11960.cc
     1	int x;
END /var/folders/5y/sqb03sj90qxbqqpcsxy423nh0000gn/T//vpx-conf-26494-11960.cc
/Applications/Xcode.app/Contents/Developer/Toolchains/XcodeDefault.xctoolchain/usr/bin/clang++ -arch armv7 -isysroot /Applications/Xcode.app/Contents/Developer/Platforms/iPhoneOS.platform/Developer/SDKs/iPhoneOS7.1.sdk -mtune=cortex-a8 -O3 -Wall -Wdeclaration-after-statement -Werror -Wdisabled-optimization -c -o /var/folders/5y/sqb03sj90qxbqqpcsxy423nh0000gn/T//vpx-conf-26494-11960.o /var/folders/5y/sqb03sj90qxbqqpcsxy423nh0000gn/T//vpx-conf-26494-11960.cc
check_cflags -Wdisabled-optimization
check_cc -Werror -Wdisabled-optimization
BEGIN /var/folders/5y/sqb03sj90qxbqqpcsxy423nh0000gn/T//vpx-conf-26494-11960.c
     1	int x;
END /var/folders/5y/sqb03sj90qxbqqpcsxy423nh0000gn/T//vpx-conf-26494-11960.c
/Applications/Xcode.app/Contents/Developer/Toolchains/XcodeDefault.xctoolchain/usr/bin/clang -arch armv7 -isysroot /Applications/Xcode.app/Contents/Developer/Platforms/iPhoneOS.platform/Developer/SDKs/iPhoneOS7.1.sdk -mtune=cortex-a8 -O3 -Wall -Wdeclaration-after-statement -Werror -Wdisabled-optimization -c -o /var/folders/5y/sqb03sj90qxbqqpcsxy423nh0000gn/T//vpx-conf-26494-11960.o /var/folders/5y/sqb03sj90qxbqqpcsxy423nh0000gn/T//vpx-conf-26494-11960.c
check_cxxflags -Wpointer-arith
check_cxx -Werror -Wpointer-arith
BEGIN /var/folders/5y/sqb03sj90qxbqqpcsxy423nh0000gn/T//vpx-conf-26494-11960.cc
     1	int x;
END /var/folders/5y/sqb03sj90qxbqqpcsxy423nh0000gn/T//vpx-conf-26494-11960.cc
/Applications/Xcode.app/Contents/Developer/Toolchains/XcodeDefault.xctoolchain/usr/bin/clang++ -arch armv7 -isysroot /Applications/Xcode.app/Contents/Developer/Platforms/iPhoneOS.platform/Developer/SDKs/iPhoneOS7.1.sdk -mtune=cortex-a8 -O3 -Wall -Wdeclaration-after-statement -Wdisabled-optimization -Werror -Wpointer-arith -c -o /var/folders/5y/sqb03sj90qxbqqpcsxy423nh0000gn/T//vpx-conf-26494-11960.o /var/folders/5y/sqb03sj90qxbqqpcsxy423nh0000gn/T//vpx-conf-26494-11960.cc
check_cflags -Wpointer-arith
check_cc -Werror -Wpointer-arith
BEGIN /var/folders/5y/sqb03sj90qxbqqpcsxy423nh0000gn/T//vpx-conf-26494-11960.c
     1	int x;
END /var/folders/5y/sqb03sj90qxbqqpcsxy423nh0000gn/T//vpx-conf-26494-11960.c
/Applications/Xcode.app/Contents/Developer/Toolchains/XcodeDefault.xctoolchain/usr/bin/clang -arch armv7 -isysroot /Applications/Xcode.app/Contents/Developer/Platforms/iPhoneOS.platform/Developer/SDKs/iPhoneOS7.1.sdk -mtune=cortex-a8 -O3 -Wall -Wdeclaration-after-statement -Wdisabled-optimization -Werror -Wpointer-arith -c -o /var/folders/5y/sqb03sj90qxbqqpcsxy423nh0000gn/T//vpx-conf-26494-11960.o /var/folders/5y/sqb03sj90qxbqqpcsxy423nh0000gn/T//vpx-conf-26494-11960.c
check_cxxflags -Wtype-limits
check_cxx -Werror -Wtype-limits
BEGIN /var/folders/5y/sqb03sj90qxbqqpcsxy423nh0000gn/T//vpx-conf-26494-11960.cc
     1	int x;
END /var/folders/5y/sqb03sj90qxbqqpcsxy423nh0000gn/T//vpx-conf-26494-11960.cc
/Applications/Xcode.app/Contents/Developer/Toolchains/XcodeDefault.xctoolchain/usr/bin/clang++ -arch armv7 -isysroot /Applications/Xcode.app/Contents/Developer/Platforms/iPhoneOS.platform/Developer/SDKs/iPhoneOS7.1.sdk -mtune=cortex-a8 -O3 -Wall -Wdeclaration-after-statement -Wdisabled-optimization -Wpointer-arith -Werror -Wtype-limits -c -o /var/folders/5y/sqb03sj90qxbqqpcsxy423nh0000gn/T//vpx-conf-26494-11960.o /var/folders/5y/sqb03sj90qxbqqpcsxy423nh0000gn/T//vpx-conf-26494-11960.cc
check_cflags -Wtype-limits
check_cc -Werror -Wtype-limits
BEGIN /var/folders/5y/sqb03sj90qxbqqpcsxy423nh0000gn/T//vpx-conf-26494-11960.c
     1	int x;
END /var/folders/5y/sqb03sj90qxbqqpcsxy423nh0000gn/T//vpx-conf-26494-11960.c
/Applications/Xcode.app/Contents/Developer/Toolchains/XcodeDefault.xctoolchain/usr/bin/clang -arch armv7 -isysroot /Applications/Xcode.app/Contents/Developer/Platforms/iPhoneOS.platform/Developer/SDKs/iPhoneOS7.1.sdk -mtune=cortex-a8 -O3 -Wall -Wdeclaration-after-statement -Wdisabled-optimization -Wpointer-arith -Werror -Wtype-limits -c -o /var/folders/5y/sqb03sj90qxbqqpcsxy423nh0000gn/T//vpx-conf-26494-11960.o /var/folders/5y/sqb03sj90qxbqqpcsxy423nh0000gn/T//vpx-conf-26494-11960.c
check_cxxflags -Wcast-qual
check_cxx -Werror -Wcast-qual
BEGIN /var/folders/5y/sqb03sj90qxbqqpcsxy423nh0000gn/T//vpx-conf-26494-11960.cc
     1	int x;
END /var/folders/5y/sqb03sj90qxbqqpcsxy423nh0000gn/T//vpx-conf-26494-11960.cc
/Applications/Xcode.app/Contents/Developer/Toolchains/XcodeDefault.xctoolchain/usr/bin/clang++ -arch armv7 -isysroot /Applications/Xcode.app/Contents/Developer/Platforms/iPhoneOS.platform/Developer/SDKs/iPhoneOS7.1.sdk -mtune=cortex-a8 -O3 -Wall -Wdeclaration-after-statement -Wdisabled-optimization -Wpointer-arith -Wtype-limits -Werror -Wcast-qual -c -o /var/folders/5y/sqb03sj90qxbqqpcsxy423nh0000gn/T//vpx-conf-26494-11960.o /var/folders/5y/sqb03sj90qxbqqpcsxy423nh0000gn/T//vpx-conf-26494-11960.cc
check_cflags -Wcast-qual
check_cc -Werror -Wcast-qual
BEGIN /var/folders/5y/sqb03sj90qxbqqpcsxy423nh0000gn/T//vpx-conf-26494-11960.c
     1	int x;
END /var/folders/5y/sqb03sj90qxbqqpcsxy423nh0000gn/T//vpx-conf-26494-11960.c
/Applications/Xcode.app/Contents/Developer/Toolchains/XcodeDefault.xctoolchain/usr/bin/clang -arch armv7 -isysroot /Applications/Xcode.app/Contents/Developer/Platforms/iPhoneOS.platform/Developer/SDKs/iPhoneOS7.1.sdk -mtune=cortex-a8 -O3 -Wall -Wdeclaration-after-statement -Wdisabled-optimization -Wpointer-arith -Wtype-limits -Werror -Wcast-qual -c -o /var/folders/5y/sqb03sj90qxbqqpcsxy423nh0000gn/T//vpx-conf-26494-11960.o /var/folders/5y/sqb03sj90qxbqqpcsxy423nh0000gn/T//vpx-conf-26494-11960.c
check_cxxflags -Wvla
check_cxx -Werror -Wvla
BEGIN /var/folders/5y/sqb03sj90qxbqqpcsxy423nh0000gn/T//vpx-conf-26494-11960.cc
     1	int x;
END /var/folders/5y/sqb03sj90qxbqqpcsxy423nh0000gn/T//vpx-conf-26494-11960.cc
/Applications/Xcode.app/Contents/Developer/Toolchains/XcodeDefault.xctoolchain/usr/bin/clang++ -arch armv7 -isysroot /Applications/Xcode.app/Contents/Developer/Platforms/iPhoneOS.platform/Developer/SDKs/iPhoneOS7.1.sdk -mtune=cortex-a8 -O3 -Wall -Wdeclaration-after-statement -Wdisabled-optimization -Wpointer-arith -Wtype-limits -Wcast-qual -Werror -Wvla -c -o /var/folders/5y/sqb03sj90qxbqqpcsxy423nh0000gn/T//vpx-conf-26494-11960.o /var/folders/5y/sqb03sj90qxbqqpcsxy423nh0000gn/T//vpx-conf-26494-11960.cc
check_cflags -Wvla
check_cc -Werror -Wvla
BEGIN /var/folders/5y/sqb03sj90qxbqqpcsxy423nh0000gn/T//vpx-conf-26494-11960.c
     1	int x;
END /var/folders/5y/sqb03sj90qxbqqpcsxy423nh0000gn/T//vpx-conf-26494-11960.c
/Applications/Xcode.app/Contents/Developer/Toolchains/XcodeDefault.xctoolchain/usr/bin/clang -arch armv7 -isysroot /Applications/Xcode.app/Contents/Developer/Platforms/iPhoneOS.platform/Developer/SDKs/iPhoneOS7.1.sdk -mtune=cortex-a8 -O3 -Wall -Wdeclaration-after-statement -Wdisabled-optimization -Wpointer-arith -Wtype-limits -Wcast-qual -Werror -Wvla -c -o /var/folders/5y/sqb03sj90qxbqqpcsxy423nh0000gn/T//vpx-conf-26494-11960.o /var/folders/5y/sqb03sj90qxbqqpcsxy423nh0000gn/T//vpx-conf-26494-11960.c
check_cxxflags -Wimplicit-function-declaration
check_cxx -Werror -Wimplicit-function-declaration
BEGIN /var/folders/5y/sqb03sj90qxbqqpcsxy423nh0000gn/T//vpx-conf-26494-11960.cc
     1	int x;
END /var/folders/5y/sqb03sj90qxbqqpcsxy423nh0000gn/T//vpx-conf-26494-11960.cc
/Applications/Xcode.app/Contents/Developer/Toolchains/XcodeDefault.xctoolchain/usr/bin/clang++ -arch armv7 -isysroot /Applications/Xcode.app/Contents/Developer/Platforms/iPhoneOS.platform/Developer/SDKs/iPhoneOS7.1.sdk -mtune=cortex-a8 -O3 -Wall -Wdeclaration-after-statement -Wdisabled-optimization -Wpointer-arith -Wtype-limits -Wcast-qual -Wvla -Werror -Wimplicit-function-declaration -c -o /var/folders/5y/sqb03sj90qxbqqpcsxy423nh0000gn/T//vpx-conf-26494-11960.o /var/folders/5y/sqb03sj90qxbqqpcsxy423nh0000gn/T//vpx-conf-26494-11960.cc
check_cflags -Wimplicit-function-declaration
check_cc -Werror -Wimplicit-function-declaration
BEGIN /var/folders/5y/sqb03sj90qxbqqpcsxy423nh0000gn/T//vpx-conf-26494-11960.c
     1	int x;
END /var/folders/5y/sqb03sj90qxbqqpcsxy423nh0000gn/T//vpx-conf-26494-11960.c
/Applications/Xcode.app/Contents/Developer/Toolchains/XcodeDefault.xctoolchain/usr/bin/clang -arch armv7 -isysroot /Applications/Xcode.app/Contents/Developer/Platforms/iPhoneOS.platform/Developer/SDKs/iPhoneOS7.1.sdk -mtune=cortex-a8 -O3 -Wall -Wdeclaration-after-statement -Wdisabled-optimization -Wpointer-arith -Wtype-limits -Wcast-qual -Wvla -Werror -Wimplicit-function-declaration -c -o /var/folders/5y/sqb03sj90qxbqqpcsxy423nh0000gn/T//vpx-conf-26494-11960.o /var/folders/5y/sqb03sj90qxbqqpcsxy423nh0000gn/T//vpx-conf-26494-11960.c
check_cxxflags -Wuninitialized
check_cxx -Werror -Wuninitialized
BEGIN /var/folders/5y/sqb03sj90qxbqqpcsxy423nh0000gn/T//vpx-conf-26494-11960.cc
     1	int x;
END /var/folders/5y/sqb03sj90qxbqqpcsxy423nh0000gn/T//vpx-conf-26494-11960.cc
/Applications/Xcode.app/Contents/Developer/Toolchains/XcodeDefault.xctoolchain/usr/bin/clang++ -arch armv7 -isysroot /Applications/Xcode.app/Contents/Developer/Platforms/iPhoneOS.platform/Developer/SDKs/iPhoneOS7.1.sdk -mtune=cortex-a8 -O3 -Wall -Wdeclaration-after-statement -Wdisabled-optimization -Wpointer-arith -Wtype-limits -Wcast-qual -Wvla -Wimplicit-function-declaration -Werror -Wuninitialized -c -o /var/folders/5y/sqb03sj90qxbqqpcsxy423nh0000gn/T//vpx-conf-26494-11960.o /var/folders/5y/sqb03sj90qxbqqpcsxy423nh0000gn/T//vpx-conf-26494-11960.cc
check_cflags -Wuninitialized
check_cc -Werror -Wuninitialized
BEGIN /var/folders/5y/sqb03sj90qxbqqpcsxy423nh0000gn/T//vpx-conf-26494-11960.c
     1	int x;
END /var/folders/5y/sqb03sj90qxbqqpcsxy423nh0000gn/T//vpx-conf-26494-11960.c
/Applications/Xcode.app/Contents/Developer/Toolchains/XcodeDefault.xctoolchain/usr/bin/clang -arch armv7 -isysroot /Applications/Xcode.app/Contents/Developer/Platforms/iPhoneOS.platform/Developer/SDKs/iPhoneOS7.1.sdk -mtune=cortex-a8 -O3 -Wall -Wdeclaration-after-statement -Wdisabled-optimization -Wpointer-arith -Wtype-limits -Wcast-qual -Wvla -Wimplicit-function-declaration -Werror -Wuninitialized -c -o /var/folders/5y/sqb03sj90qxbqqpcsxy423nh0000gn/T//vpx-conf-26494-11960.o /var/folders/5y/sqb03sj90qxbqqpcsxy423nh0000gn/T//vpx-conf-26494-11960.c
check_cxxflags -Wunused-variable
check_cxx -Werror -Wunused-variable
BEGIN /var/folders/5y/sqb03sj90qxbqqpcsxy423nh0000gn/T//vpx-conf-26494-11960.cc
     1	int x;
END /var/folders/5y/sqb03sj90qxbqqpcsxy423nh0000gn/T//vpx-conf-26494-11960.cc
/Applications/Xcode.app/Contents/Developer/Toolchains/XcodeDefault.xctoolchain/usr/bin/clang++ -arch armv7 -isysroot /Applications/Xcode.app/Contents/Developer/Platforms/iPhoneOS.platform/Developer/SDKs/iPhoneOS7.1.sdk -mtune=cortex-a8 -O3 -Wall -Wdeclaration-after-statement -Wdisabled-optimization -Wpointer-arith -Wtype-limits -Wcast-qual -Wvla -Wimplicit-function-declaration -Wuninitialized -Werror -Wunused-variable -c -o /var/folders/5y/sqb03sj90qxbqqpcsxy423nh0000gn/T//vpx-conf-26494-11960.o /var/folders/5y/sqb03sj90qxbqqpcsxy423nh0000gn/T//vpx-conf-26494-11960.cc
check_cflags -Wunused-variable
check_cc -Werror -Wunused-variable
BEGIN /var/folders/5y/sqb03sj90qxbqqpcsxy423nh0000gn/T//vpx-conf-26494-11960.c
     1	int x;
END /var/folders/5y/sqb03sj90qxbqqpcsxy423nh0000gn/T//vpx-conf-26494-11960.c
/Applications/Xcode.app/Contents/Developer/Toolchains/XcodeDefault.xctoolchain/usr/bin/clang -arch armv7 -isysroot /Applications/Xcode.app/Contents/Developer/Platforms/iPhoneOS.platform/Developer/SDKs/iPhoneOS7.1.sdk -mtune=cortex-a8 -O3 -Wall -Wdeclaration-after-statement -Wdisabled-optimization -Wpointer-arith -Wtype-limits -Wcast-qual -Wvla -Wimplicit-function-declaration -Wuninitialized -Werror -Wunused-variable -c -o /var/folders/5y/sqb03sj90qxbqqpcsxy423nh0000gn/T//vpx-conf-26494-11960.o /var/folders/5y/sqb03sj90qxbqqpcsxy423nh0000gn/T//vpx-conf-26494-11960.c
check_cxxflags -fno-strict-aliasing
check_cxx -Werror -fno-strict-aliasing
BEGIN /var/folders/5y/sqb03sj90qxbqqpcsxy423nh0000gn/T//vpx-conf-26494-11960.cc
     1	int x;
END /var/folders/5y/sqb03sj90qxbqqpcsxy423nh0000gn/T//vpx-conf-26494-11960.cc
/Applications/Xcode.app/Contents/Developer/Toolchains/XcodeDefault.xctoolchain/usr/bin/clang++ -arch armv7 -isysroot /Applications/Xcode.app/Contents/Developer/Platforms/iPhoneOS.platform/Developer/SDKs/iPhoneOS7.1.sdk -mtune=cortex-a8 -O3 -Wall -Wdeclaration-after-statement -Wdisabled-optimization -Wpointer-arith -Wtype-limits -Wcast-qual -Wvla -Wimplicit-function-declaration -Wuninitialized -Wunused-variable -Werror -fno-strict-aliasing -c -o /var/folders/5y/sqb03sj90qxbqqpcsxy423nh0000gn/T//vpx-conf-26494-11960.o /var/folders/5y/sqb03sj90qxbqqpcsxy423nh0000gn/T//vpx-conf-26494-11960.cc
check_cflags -fno-strict-aliasing
check_cc -Werror -fno-strict-aliasing
BEGIN /var/folders/5y/sqb03sj90qxbqqpcsxy423nh0000gn/T//vpx-conf-26494-11960.c
     1	int x;
END /var/folders/5y/sqb03sj90qxbqqpcsxy423nh0000gn/T//vpx-conf-26494-11960.c
/Applications/Xcode.app/Contents/Developer/Toolchains/XcodeDefault.xctoolchain/usr/bin/clang -arch armv7 -isysroot /Applications/Xcode.app/Contents/Developer/Platforms/iPhoneOS.platform/Developer/SDKs/iPhoneOS7.1.sdk -mtune=cortex-a8 -O3 -Wall -Wdeclaration-after-statement -Wdisabled-optimization -Wpointer-arith -Wtype-limits -Wcast-qual -Wvla -Wimplicit-function-declaration -Wuninitialized -Wunused-variable -Werror -fno-strict-aliasing -c -o /var/folders/5y/sqb03sj90qxbqqpcsxy423nh0000gn/T//vpx-conf-26494-11960.o /var/folders/5y/sqb03sj90qxbqqpcsxy423nh0000gn/T//vpx-conf-26494-11960.c
check_cxxflags -Wno-unused-function
check_cxx -Werror -Wno-unused-function
BEGIN /var/folders/5y/sqb03sj90qxbqqpcsxy423nh0000gn/T//vpx-conf-26494-11960.cc
     1	int x;
END /var/folders/5y/sqb03sj90qxbqqpcsxy423nh0000gn/T//vpx-conf-26494-11960.cc
/Applications/Xcode.app/Contents/Developer/Toolchains/XcodeDefault.xctoolchain/usr/bin/clang++ -arch armv7 -isysroot /Applications/Xcode.app/Contents/Developer/Platforms/iPhoneOS.platform/Developer/SDKs/iPhoneOS7.1.sdk -mtune=cortex-a8 -O3 -Wall -Wdeclaration-after-statement -Wdisabled-optimization -Wpointer-arith -Wtype-limits -Wcast-qual -Wvla -Wimplicit-function-declaration -Wuninitialized -Wunused-variable -fno-strict-aliasing -Werror -Wno-unused-function -c -o /var/folders/5y/sqb03sj90qxbqqpcsxy423nh0000gn/T//vpx-conf-26494-11960.o /var/folders/5y/sqb03sj90qxbqqpcsxy423nh0000gn/T//vpx-conf-26494-11960.cc
check_cflags -Wno-unused-function
check_cc -Werror -Wno-unused-function
BEGIN /var/folders/5y/sqb03sj90qxbqqpcsxy423nh0000gn/T//vpx-conf-26494-11960.c
     1	int x;
END /var/folders/5y/sqb03sj90qxbqqpcsxy423nh0000gn/T//vpx-conf-26494-11960.c
/Applications/Xcode.app/Contents/Developer/Toolchains/XcodeDefault.xctoolchain/usr/bin/clang -arch armv7 -isysroot /Applications/Xcode.app/Contents/Developer/Platforms/iPhoneOS.platform/Developer/SDKs/iPhoneOS7.1.sdk -mtune=cortex-a8 -O3 -Wall -Wdeclaration-after-statement -Wdisabled-optimization -Wpointer-arith -Wtype-limits -Wcast-qual -Wvla -Wimplicit-function-declaration -Wuninitialized -Wunused-variable -fno-strict-aliasing -Werror -Wno-unused-function -c -o /var/folders/5y/sqb03sj90qxbqqpcsxy423nh0000gn/T//vpx-conf-26494-11960.o /var/folders/5y/sqb03sj90qxbqqpcsxy423nh0000gn/T//vpx-conf-26494-11960.c
check_header stdio.h
check_cpp
BEGIN /var/folders/5y/sqb03sj90qxbqqpcsxy423nh0000gn/T//vpx-conf-26494-11960.c
     1	#include "stdio.h"
     2	int x;
END /var/folders/5y/sqb03sj90qxbqqpcsxy423nh0000gn/T//vpx-conf-26494-11960.c
/Applications/Xcode.app/Contents/Developer/Toolchains/XcodeDefault.xctoolchain/usr/bin/clang -arch armv7 -isysroot /Applications/Xcode.app/Contents/Developer/Platforms/iPhoneOS.platform/Developer/SDKs/iPhoneOS7.1.sdk -mtune=cortex-a8 -O3 -Wall -Wdeclaration-after-statement -Wdisabled-optimization -Wpointer-arith -Wtype-limits -Wcast-qual -Wvla -Wimplicit-function-declaration -Wuninitialized -Wunused-variable -fno-strict-aliasing -Wno-unused-function -E -o /var/folders/5y/sqb03sj90qxbqqpcsxy423nh0000gn/T//vpx-conf-26494-11960.o /var/folders/5y/sqb03sj90qxbqqpcsxy423nh0000gn/T//vpx-conf-26494-11960.c
check_ld
check_cc
BEGIN /var/folders/5y/sqb03sj90qxbqqpcsxy423nh0000gn/T//vpx-conf-26494-11960.c
     1	int main(void) {return 0;}
END /var/folders/5y/sqb03sj90qxbqqpcsxy423nh0000gn/T//vpx-conf-26494-11960.c
/Applications/Xcode.app/Contents/Developer/Toolchains/XcodeDefault.xctoolchain/usr/bin/clang -arch armv7 -isysroot /Applications/Xcode.app/Contents/Developer/Platforms/iPhoneOS.platform/Developer/SDKs/iPhoneOS7.1.sdk -mtune=cortex-a8 -O3 -Wall -Wdeclaration-after-statement -Wdisabled-optimization -Wpointer-arith -Wtype-limits -Wcast-qual -Wvla -Wimplicit-function-declaration -Wuninitialized -Wunused-variable -fno-strict-aliasing -Wno-unused-function -c -o /var/folders/5y/sqb03sj90qxbqqpcsxy423nh0000gn/T//vpx-conf-26494-11960.o /var/folders/5y/sqb03sj90qxbqqpcsxy423nh0000gn/T//vpx-conf-26494-11960.c
/Applications/Xcode.app/Contents/Developer/Toolchains/XcodeDefault.xctoolchain/usr/bin/ld -arch armv7 -ios_version_min 7.0 -L/Applications/Xcode.app/Contents/Developer/Platforms/iPhoneOS.platform/Developer/SDKs/iPhoneOS7.1.sdk/usr/lib -L/Applications/Xcode.app/Contents/Developer/Platforms/iPhoneOS.platform/Developer/SDKs/iPhoneOS7.1.sdk/usr/lib/system -o /var/folders/5y/sqb03sj90qxbqqpcsxy423nh0000gn/T//vpx-conf-26494-11960.x /var/folders/5y/sqb03sj90qxbqqpcsxy423nh0000gn/T//vpx-conf-26494-11960.o -lpthread
check_header stdint.h
check_cpp
BEGIN /var/folders/5y/sqb03sj90qxbqqpcsxy423nh0000gn/T//vpx-conf-26494-11960.c
     1	#include "stdint.h"
     2	int x;
END /var/folders/5y/sqb03sj90qxbqqpcsxy423nh0000gn/T//vpx-conf-26494-11960.c
/Applications/Xcode.app/Contents/Developer/Toolchains/XcodeDefault.xctoolchain/usr/bin/clang -arch armv7 -isysroot /Applications/Xcode.app/Contents/Developer/Platforms/iPhoneOS.platform/Developer/SDKs/iPhoneOS7.1.sdk -mtune=cortex-a8 -O3 -Wall -Wdeclaration-after-statement -Wdisabled-optimization -Wpointer-arith -Wtype-limits -Wcast-qual -Wvla -Wimplicit-function-declaration -Wuninitialized -Wunused-variable -fno-strict-aliasing -Wno-unused-function -E -o /var/folders/5y/sqb03sj90qxbqqpcsxy423nh0000gn/T//vpx-conf-26494-11960.o /var/folders/5y/sqb03sj90qxbqqpcsxy423nh0000gn/T//vpx-conf-26494-11960.c
check_header pthread.h
check_cpp
BEGIN /var/folders/5y/sqb03sj90qxbqqpcsxy423nh0000gn/T//vpx-conf-26494-11960.c
     1	#include "pthread.h"
     2	int x;
END /var/folders/5y/sqb03sj90qxbqqpcsxy423nh0000gn/T//vpx-conf-26494-11960.c
/Applications/Xcode.app/Contents/Developer/Toolchains/XcodeDefault.xctoolchain/usr/bin/clang -arch armv7 -isysroot /Applications/Xcode.app/Contents/Developer/Platforms/iPhoneOS.platform/Developer/SDKs/iPhoneOS7.1.sdk -mtune=cortex-a8 -O3 -Wall -Wdeclaration-after-statement -Wdisabled-optimization -Wpointer-arith -Wtype-limits -Wcast-qual -Wvla -Wimplicit-function-declaration -Wuninitialized -Wunused-variable -fno-strict-aliasing -Wno-unused-function -E -o /var/folders/5y/sqb03sj90qxbqqpcsxy423nh0000gn/T//vpx-conf-26494-11960.o /var/folders/5y/sqb03sj90qxbqqpcsxy423nh0000gn/T//vpx-conf-26494-11960.c
check_header sys/mman.h
check_cpp
BEGIN /var/folders/5y/sqb03sj90qxbqqpcsxy423nh0000gn/T//vpx-conf-26494-11960.c
     1	#include "sys/mman.h"
     2	int x;
END /var/folders/5y/sqb03sj90qxbqqpcsxy423nh0000gn/T//vpx-conf-26494-11960.c
/Applications/Xcode.app/Contents/Developer/Toolchains/XcodeDefault.xctoolchain/usr/bin/clang -arch armv7 -isysroot /Applications/Xcode.app/Contents/Developer/Platforms/iPhoneOS.platform/Developer/SDKs/iPhoneOS7.1.sdk -mtune=cortex-a8 -O3 -Wall -Wdeclaration-after-statement -Wdisabled-optimization -Wpointer-arith -Wtype-limits -Wcast-qual -Wvla -Wimplicit-function-declaration -Wuninitialized -Wunused-variable -fno-strict-aliasing -Wno-unused-function -E -o /var/folders/5y/sqb03sj90qxbqqpcsxy423nh0000gn/T//vpx-conf-26494-11960.o /var/folders/5y/sqb03sj90qxbqqpcsxy423nh0000gn/T//vpx-conf-26494-11960.c
check_header unistd.h
check_cpp
BEGIN /var/folders/5y/sqb03sj90qxbqqpcsxy423nh0000gn/T//vpx-conf-26494-11960.c
     1	#include "unistd.h"
     2	int x;
END /var/folders/5y/sqb03sj90qxbqqpcsxy423nh0000gn/T//vpx-conf-26494-11960.c
/Applications/Xcode.app/Contents/Developer/Toolchains/XcodeDefault.xctoolchain/usr/bin/clang -arch armv7 -isysroot /Applications/Xcode.app/Contents/Developer/Platforms/iPhoneOS.platform/Developer/SDKs/iPhoneOS7.1.sdk -mtune=cortex-a8 -O3 -Wall -Wdeclaration-after-statement -Wdisabled-optimization -Wpointer-arith -Wtype-limits -Wcast-qual -Wvla -Wimplicit-function-declaration -Wuninitialized -Wunused-variable -fno-strict-aliasing -Wno-unused-function -E -o /var/folders/5y/sqb03sj90qxbqqpcsxy423nh0000gn/T//vpx-conf-26494-11960.o /var/folders/5y/sqb03sj90qxbqqpcsxy423nh0000gn/T//vpx-conf-26494-11960.c
check_header vpx/vpx_integer.h -I./../../android/jni/libvpx
check_cpp -I./../../android/jni/libvpx
BEGIN /var/folders/5y/sqb03sj90qxbqqpcsxy423nh0000gn/T//vpx-conf-26494-11960.c
     1	#include "vpx/vpx_integer.h"
     2	int x;
END /var/folders/5y/sqb03sj90qxbqqpcsxy423nh0000gn/T//vpx-conf-26494-11960.c
/Applications/Xcode.app/Contents/Developer/Toolchains/XcodeDefault.xctoolchain/usr/bin/clang -arch armv7 -isysroot /Applications/Xcode.app/Contents/Developer/Platforms/iPhoneOS.platform/Developer/SDKs/iPhoneOS7.1.sdk -mtune=cortex-a8 -O3 -Wall -Wdeclaration-after-statement -Wdisabled-optimization -Wpointer-arith -Wtype-limits -Wcast-qual -Wvla -Wimplicit-function-declaration -Wuninitialized -Wunused-variable -fno-strict-aliasing -Wno-unused-function -I./../../android/jni/libvpx -E -o /var/folders/5y/sqb03sj90qxbqqpcsxy423nh0000gn/T//vpx-conf-26494-11960.o /var/folders/5y/sqb03sj90qxbqqpcsxy423nh0000gn/T//vpx-conf-26494-11960.c
