# ./libvpx/configure --target=armv5te-android-gcc --disable-examples --disable-vp9 --disable-docs --disable-install-libs --disable-install-bins --enable-postproc --enable-realtime-only --enable-error-concealment --sdk-path=/Users/avesus/Development/android-ndk-r9d --disable-webm-io --disable-shared --enable-static --disable-runtime-cpu-detect --disable-neon
Configuring selected codecs
  enabling vp8_encoder
  enabling vp8_decoder
Configuring for target 'armv5te-android-gcc'
  enabling armv5te
  enabling edsp
add_asflags --defsym ARCHITECTURE=5
check_cxxflags -march=armv5te
check_cxx -Werror -march=armv5te
BEGIN /var/folders/5y/sqb03sj90qxbqqpcsxy423nh0000gn/T//vpx-conf-20560-10034.cc
     1	int x;
END /var/folders/5y/sqb03sj90qxbqqpcsxy423nh0000gn/T//vpx-conf-20560-10034.cc
arm-none-linux-gnueabi-g++ -Werror -march=armv5te -c -o /var/folders/5y/sqb03sj90qxbqqpcsxy423nh0000gn/T//vpx-conf-20560-10034.o /var/folders/5y/sqb03sj90qxbqqpcsxy423nh0000gn/T//vpx-conf-20560-10034.cc
./libvpx/build/make/configure.sh: line 286: arm-none-linux-gnueabi-g++: command not found
check_cflags -march=armv5te
check_cc -Werror -march=armv5te
BEGIN /var/folders/5y/sqb03sj90qxbqqpcsxy423nh0000gn/T//vpx-conf-20560-10034.c
     1	int x;
END /var/folders/5y/sqb03sj90qxbqqpcsxy423nh0000gn/T//vpx-conf-20560-10034.c
arm-none-linux-gnueabi-gcc -Werror -march=armv5te -c -o /var/folders/5y/sqb03sj90qxbqqpcsxy423nh0000gn/T//vpx-conf-20560-10034.o /var/folders/5y/sqb03sj90qxbqqpcsxy423nh0000gn/T//vpx-conf-20560-10034.c
./libvpx/build/make/configure.sh: line 286: arm-none-linux-gnueabi-gcc: command not found
add_asflags -march=armv5te
  enabling realtime_only
check_cxxflags -O3
check_cxx -Werror -O3
BEGIN /var/folders/5y/sqb03sj90qxbqqpcsxy423nh0000gn/T//vpx-conf-20560-10034.cc
     1	int x;
END /var/folders/5y/sqb03sj90qxbqqpcsxy423nh0000gn/T//vpx-conf-20560-10034.cc
/Users/avesus/Development/android-ndk-r9d/toolchains/arm-linux-androideabi-4.6/prebuilt/darwin-x86_64/bin/arm-linux-androideabi-g++ --sysroot=/Users/avesus/Development/android-ndk-r9d/platforms/android-19/arch-arm -Werror -O3 -c -o /var/folders/5y/sqb03sj90qxbqqpcsxy423nh0000gn/T//vpx-conf-20560-10034.o /var/folders/5y/sqb03sj90qxbqqpcsxy423nh0000gn/T//vpx-conf-20560-10034.cc
check_cflags -O3
check_cc -Werror -O3
BEGIN /var/folders/5y/sqb03sj90qxbqqpcsxy423nh0000gn/T//vpx-conf-20560-10034.c
     1	int x;
END /var/folders/5y/sqb03sj90qxbqqpcsxy423nh0000gn/T//vpx-conf-20560-10034.c
/Users/avesus/Development/android-ndk-r9d/toolchains/arm-linux-androideabi-4.6/prebuilt/darwin-x86_64/bin/arm-linux-androideabi-gcc --sysroot=/Users/avesus/Development/android-ndk-r9d/platforms/android-19/arch-arm -Werror -O3 -c -o /var/folders/5y/sqb03sj90qxbqqpcsxy423nh0000gn/T//vpx-conf-20560-10034.o /var/folders/5y/sqb03sj90qxbqqpcsxy423nh0000gn/T//vpx-conf-20560-10034.c
  enabling use_x86inc
check_cxxflags -fPIC
check_cxx -Werror -fPIC
BEGIN /var/folders/5y/sqb03sj90qxbqqpcsxy423nh0000gn/T//vpx-conf-20560-10034.cc
     1	int x;
END /var/folders/5y/sqb03sj90qxbqqpcsxy423nh0000gn/T//vpx-conf-20560-10034.cc
/Users/avesus/Development/android-ndk-r9d/toolchains/arm-linux-androideabi-4.6/prebuilt/darwin-x86_64/bin/arm-linux-androideabi-g++ --sysroot=/Users/avesus/Development/android-ndk-r9d/platforms/android-19/arch-arm -O3 -Werror -fPIC -c -o /var/folders/5y/sqb03sj90qxbqqpcsxy423nh0000gn/T//vpx-conf-20560-10034.o /var/folders/5y/sqb03sj90qxbqqpcsxy423nh0000gn/T//vpx-conf-20560-10034.cc
check_cflags -fPIC
check_cc -Werror -fPIC
BEGIN /var/folders/5y/sqb03sj90qxbqqpcsxy423nh0000gn/T//vpx-conf-20560-10034.c
     1	int x;
END /var/folders/5y/sqb03sj90qxbqqpcsxy423nh0000gn/T//vpx-conf-20560-10034.c
/Users/avesus/Development/android-ndk-r9d/toolchains/arm-linux-androideabi-4.6/prebuilt/darwin-x86_64/bin/arm-linux-androideabi-gcc --sysroot=/Users/avesus/Development/android-ndk-r9d/platforms/android-19/arch-arm -O3 -Werror -fPIC -c -o /var/folders/5y/sqb03sj90qxbqqpcsxy423nh0000gn/T//vpx-conf-20560-10034.o /var/folders/5y/sqb03sj90qxbqqpcsxy423nh0000gn/T//vpx-conf-20560-10034.c
check_cc
BEGIN /var/folders/5y/sqb03sj90qxbqqpcsxy423nh0000gn/T//vpx-conf-20560-10034.c
     1	    unsigned int e = 'O'<<24 | '2'<<16 | 'B'<<8 | 'E';
END /var/folders/5y/sqb03sj90qxbqqpcsxy423nh0000gn/T//vpx-conf-20560-10034.c
/Users/avesus/Development/android-ndk-r9d/toolchains/arm-linux-androideabi-4.6/prebuilt/darwin-x86_64/bin/arm-linux-androideabi-gcc --sysroot=/Users/avesus/Development/android-ndk-r9d/platforms/android-19/arch-arm -O3 -fPIC -c -o /var/folders/5y/sqb03sj90qxbqqpcsxy423nh0000gn/T//vpx-conf-20560-10034.o /var/folders/5y/sqb03sj90qxbqqpcsxy423nh0000gn/T//vpx-conf-20560-10034.c
check_cc
BEGIN /var/folders/5y/sqb03sj90qxbqqpcsxy423nh0000gn/T//vpx-conf-20560-10034.c
     1	    static inline function() {}
END /var/folders/5y/sqb03sj90qxbqqpcsxy423nh0000gn/T//vpx-conf-20560-10034.c
/Users/avesus/Development/android-ndk-r9d/toolchains/arm-linux-androideabi-4.6/prebuilt/darwin-x86_64/bin/arm-linux-androideabi-gcc --sysroot=/Users/avesus/Development/android-ndk-r9d/platforms/android-19/arch-arm -O3 -fPIC -c -o /var/folders/5y/sqb03sj90qxbqqpcsxy423nh0000gn/T//vpx-conf-20560-10034.o /var/folders/5y/sqb03sj90qxbqqpcsxy423nh0000gn/T//vpx-conf-20560-10034.c
check_cc
BEGIN /var/folders/5y/sqb03sj90qxbqqpcsxy423nh0000gn/T//vpx-conf-20560-10034.c
     1	    static __attribute__((always_inline)) function() {}
END /var/folders/5y/sqb03sj90qxbqqpcsxy423nh0000gn/T//vpx-conf-20560-10034.c
/Users/avesus/Development/android-ndk-r9d/toolchains/arm-linux-androideabi-4.6/prebuilt/darwin-x86_64/bin/arm-linux-androideabi-gcc --sysroot=/Users/avesus/Development/android-ndk-r9d/platforms/android-19/arch-arm -O3 -fPIC -c -o /var/folders/5y/sqb03sj90qxbqqpcsxy423nh0000gn/T//vpx-conf-20560-10034.o /var/folders/5y/sqb03sj90qxbqqpcsxy423nh0000gn/T//vpx-conf-20560-10034.c
check_cxxflags -Wall
check_cxx -Werror -Wall
BEGIN /var/folders/5y/sqb03sj90qxbqqpcsxy423nh0000gn/T//vpx-conf-20560-10034.cc
     1	int x;
END /var/folders/5y/sqb03sj90qxbqqpcsxy423nh0000gn/T//vpx-conf-20560-10034.cc
/Users/avesus/Development/android-ndk-r9d/toolchains/arm-linux-androideabi-4.6/prebuilt/darwin-x86_64/bin/arm-linux-androideabi-g++ --sysroot=/Users/avesus/Development/android-ndk-r9d/platforms/android-19/arch-arm -O3 -fPIC -Werror -Wall -c -o /var/folders/5y/sqb03sj90qxbqqpcsxy423nh0000gn/T//vpx-conf-20560-10034.o /var/folders/5y/sqb03sj90qxbqqpcsxy423nh0000gn/T//vpx-conf-20560-10034.cc
check_cflags -Wall
check_cc -Werror -Wall
BEGIN /var/folders/5y/sqb03sj90qxbqqpcsxy423nh0000gn/T//vpx-conf-20560-10034.c
     1	int x;
END /var/folders/5y/sqb03sj90qxbqqpcsxy423nh0000gn/T//vpx-conf-20560-10034.c
/Users/avesus/Development/android-ndk-r9d/toolchains/arm-linux-androideabi-4.6/prebuilt/darwin-x86_64/bin/arm-linux-androideabi-gcc --sysroot=/Users/avesus/Development/android-ndk-r9d/platforms/android-19/arch-arm -O3 -fPIC -Werror -Wall -c -o /var/folders/5y/sqb03sj90qxbqqpcsxy423nh0000gn/T//vpx-conf-20560-10034.o /var/folders/5y/sqb03sj90qxbqqpcsxy423nh0000gn/T//vpx-conf-20560-10034.c
check_cxxflags -Wdeclaration-after-statement
check_cxx -Werror -Wdeclaration-after-statement
BEGIN /var/folders/5y/sqb03sj90qxbqqpcsxy423nh0000gn/T//vpx-conf-20560-10034.cc
     1	int x;
END /var/folders/5y/sqb03sj90qxbqqpcsxy423nh0000gn/T//vpx-conf-20560-10034.cc
/Users/avesus/Development/android-ndk-r9d/toolchains/arm-linux-androideabi-4.6/prebuilt/darwin-x86_64/bin/arm-linux-androideabi-g++ --sysroot=/Users/avesus/Development/android-ndk-r9d/platforms/android-19/arch-arm -O3 -fPIC -Wall -Werror -Wdeclaration-after-statement -c -o /var/folders/5y/sqb03sj90qxbqqpcsxy423nh0000gn/T//vpx-conf-20560-10034.o /var/folders/5y/sqb03sj90qxbqqpcsxy423nh0000gn/T//vpx-conf-20560-10034.cc
cc1plus: error: command line option '-Wdeclaration-after-statement' is valid for C/ObjC but not for C++ [-Werror]
cc1plus: all warnings being treated as errors

check_cflags -Wdeclaration-after-statement
check_cc -Werror -Wdeclaration-after-statement
BEGIN /var/folders/5y/sqb03sj90qxbqqpcsxy423nh0000gn/T//vpx-conf-20560-10034.c
     1	int x;
END /var/folders/5y/sqb03sj90qxbqqpcsxy423nh0000gn/T//vpx-conf-20560-10034.c
/Users/avesus/Development/android-ndk-r9d/toolchains/arm-linux-androideabi-4.6/prebuilt/darwin-x86_64/bin/arm-linux-androideabi-gcc --sysroot=/Users/avesus/Development/android-ndk-r9d/platforms/android-19/arch-arm -O3 -fPIC -Wall -Werror -Wdeclaration-after-statement -c -o /var/folders/5y/sqb03sj90qxbqqpcsxy423nh0000gn/T//vpx-conf-20560-10034.o /var/folders/5y/sqb03sj90qxbqqpcsxy423nh0000gn/T//vpx-conf-20560-10034.c
check_cxxflags -Wdisabled-optimization
check_cxx -Werror -Wdisabled-optimization
BEGIN /var/folders/5y/sqb03sj90qxbqqpcsxy423nh0000gn/T//vpx-conf-20560-10034.cc
     1	int x;
END /var/folders/5y/sqb03sj90qxbqqpcsxy423nh0000gn/T//vpx-conf-20560-10034.cc
/Users/avesus/Development/android-ndk-r9d/toolchains/arm-linux-androideabi-4.6/prebuilt/darwin-x86_64/bin/arm-linux-androideabi-g++ --sysroot=/Users/avesus/Development/android-ndk-r9d/platforms/android-19/arch-arm -O3 -fPIC -Wall -Werror -Wdisabled-optimization -c -o /var/folders/5y/sqb03sj90qxbqqpcsxy423nh0000gn/T//vpx-conf-20560-10034.o /var/folders/5y/sqb03sj90qxbqqpcsxy423nh0000gn/T//vpx-conf-20560-10034.cc
check_cflags -Wdisabled-optimization
check_cc -Werror -Wdisabled-optimization
BEGIN /var/folders/5y/sqb03sj90qxbqqpcsxy423nh0000gn/T//vpx-conf-20560-10034.c
     1	int x;
END /var/folders/5y/sqb03sj90qxbqqpcsxy423nh0000gn/T//vpx-conf-20560-10034.c
/Users/avesus/Development/android-ndk-r9d/toolchains/arm-linux-androideabi-4.6/prebuilt/darwin-x86_64/bin/arm-linux-androideabi-gcc --sysroot=/Users/avesus/Development/android-ndk-r9d/platforms/android-19/arch-arm -O3 -fPIC -Wall -Wdeclaration-after-statement -Werror -Wdisabled-optimization -c -o /var/folders/5y/sqb03sj90qxbqqpcsxy423nh0000gn/T//vpx-conf-20560-10034.o /var/folders/5y/sqb03sj90qxbqqpcsxy423nh0000gn/T//vpx-conf-20560-10034.c
check_cxxflags -Wpointer-arith
check_cxx -Werror -Wpointer-arith
BEGIN /var/folders/5y/sqb03sj90qxbqqpcsxy423nh0000gn/T//vpx-conf-20560-10034.cc
     1	int x;
END /var/folders/5y/sqb03sj90qxbqqpcsxy423nh0000gn/T//vpx-conf-20560-10034.cc
/Users/avesus/Development/android-ndk-r9d/toolchains/arm-linux-androideabi-4.6/prebuilt/darwin-x86_64/bin/arm-linux-androideabi-g++ --sysroot=/Users/avesus/Development/android-ndk-r9d/platforms/android-19/arch-arm -O3 -fPIC -Wall -Wdisabled-optimization -Werror -Wpointer-arith -c -o /var/folders/5y/sqb03sj90qxbqqpcsxy423nh0000gn/T//vpx-conf-20560-10034.o /var/folders/5y/sqb03sj90qxbqqpcsxy423nh0000gn/T//vpx-conf-20560-10034.cc
check_cflags -Wpointer-arith
check_cc -Werror -Wpointer-arith
BEGIN /var/folders/5y/sqb03sj90qxbqqpcsxy423nh0000gn/T//vpx-conf-20560-10034.c
     1	int x;
END /var/folders/5y/sqb03sj90qxbqqpcsxy423nh0000gn/T//vpx-conf-20560-10034.c
/Users/avesus/Development/android-ndk-r9d/toolchains/arm-linux-androideabi-4.6/prebuilt/darwin-x86_64/bin/arm-linux-androideabi-gcc --sysroot=/Users/avesus/Development/android-ndk-r9d/platforms/android-19/arch-arm -O3 -fPIC -Wall -Wdeclaration-after-statement -Wdisabled-optimization -Werror -Wpointer-arith -c -o /var/folders/5y/sqb03sj90qxbqqpcsxy423nh0000gn/T//vpx-conf-20560-10034.o /var/folders/5y/sqb03sj90qxbqqpcsxy423nh0000gn/T//vpx-conf-20560-10034.c
check_cxxflags -Wtype-limits
check_cxx -Werror -Wtype-limits
BEGIN /var/folders/5y/sqb03sj90qxbqqpcsxy423nh0000gn/T//vpx-conf-20560-10034.cc
     1	int x;
END /var/folders/5y/sqb03sj90qxbqqpcsxy423nh0000gn/T//vpx-conf-20560-10034.cc
/Users/avesus/Development/android-ndk-r9d/toolchains/arm-linux-androideabi-4.6/prebuilt/darwin-x86_64/bin/arm-linux-androideabi-g++ --sysroot=/Users/avesus/Development/android-ndk-r9d/platforms/android-19/arch-arm -O3 -fPIC -Wall -Wdisabled-optimization -Wpointer-arith -Werror -Wtype-limits -c -o /var/folders/5y/sqb03sj90qxbqqpcsxy423nh0000gn/T//vpx-conf-20560-10034.o /var/folders/5y/sqb03sj90qxbqqpcsxy423nh0000gn/T//vpx-conf-20560-10034.cc
check_cflags -Wtype-limits
check_cc -Werror -Wtype-limits
BEGIN /var/folders/5y/sqb03sj90qxbqqpcsxy423nh0000gn/T//vpx-conf-20560-10034.c
     1	int x;
END /var/folders/5y/sqb03sj90qxbqqpcsxy423nh0000gn/T//vpx-conf-20560-10034.c
/Users/avesus/Development/android-ndk-r9d/toolchains/arm-linux-androideabi-4.6/prebuilt/darwin-x86_64/bin/arm-linux-androideabi-gcc --sysroot=/Users/avesus/Development/android-ndk-r9d/platforms/android-19/arch-arm -O3 -fPIC -Wall -Wdeclaration-after-statement -Wdisabled-optimization -Wpointer-arith -Werror -Wtype-limits -c -o /var/folders/5y/sqb03sj90qxbqqpcsxy423nh0000gn/T//vpx-conf-20560-10034.o /var/folders/5y/sqb03sj90qxbqqpcsxy423nh0000gn/T//vpx-conf-20560-10034.c
check_cxxflags -Wcast-qual
check_cxx -Werror -Wcast-qual
BEGIN /var/folders/5y/sqb03sj90qxbqqpcsxy423nh0000gn/T//vpx-conf-20560-10034.cc
     1	int x;
END /var/folders/5y/sqb03sj90qxbqqpcsxy423nh0000gn/T//vpx-conf-20560-10034.cc
/Users/avesus/Development/android-ndk-r9d/toolchains/arm-linux-androideabi-4.6/prebuilt/darwin-x86_64/bin/arm-linux-androideabi-g++ --sysroot=/Users/avesus/Development/android-ndk-r9d/platforms/android-19/arch-arm -O3 -fPIC -Wall -Wdisabled-optimization -Wpointer-arith -Wtype-limits -Werror -Wcast-qual -c -o /var/folders/5y/sqb03sj90qxbqqpcsxy423nh0000gn/T//vpx-conf-20560-10034.o /var/folders/5y/sqb03sj90qxbqqpcsxy423nh0000gn/T//vpx-conf-20560-10034.cc
check_cflags -Wcast-qual
check_cc -Werror -Wcast-qual
BEGIN /var/folders/5y/sqb03sj90qxbqqpcsxy423nh0000gn/T//vpx-conf-20560-10034.c
     1	int x;
END /var/folders/5y/sqb03sj90qxbqqpcsxy423nh0000gn/T//vpx-conf-20560-10034.c
/Users/avesus/Development/android-ndk-r9d/toolchains/arm-linux-androideabi-4.6/prebuilt/darwin-x86_64/bin/arm-linux-androideabi-gcc --sysroot=/Users/avesus/Development/android-ndk-r9d/platforms/android-19/arch-arm -O3 -fPIC -Wall -Wdeclaration-after-statement -Wdisabled-optimization -Wpointer-arith -Wtype-limits -Werror -Wcast-qual -c -o /var/folders/5y/sqb03sj90qxbqqpcsxy423nh0000gn/T//vpx-conf-20560-10034.o /var/folders/5y/sqb03sj90qxbqqpcsxy423nh0000gn/T//vpx-conf-20560-10034.c
check_cxxflags -Wvla
check_cxx -Werror -Wvla
BEGIN /var/folders/5y/sqb03sj90qxbqqpcsxy423nh0000gn/T//vpx-conf-20560-10034.cc
     1	int x;
END /var/folders/5y/sqb03sj90qxbqqpcsxy423nh0000gn/T//vpx-conf-20560-10034.cc
/Users/avesus/Development/android-ndk-r9d/toolchains/arm-linux-androideabi-4.6/prebuilt/darwin-x86_64/bin/arm-linux-androideabi-g++ --sysroot=/Users/avesus/Development/android-ndk-r9d/platforms/android-19/arch-arm -O3 -fPIC -Wall -Wdisabled-optimization -Wpointer-arith -Wtype-limits -Wcast-qual -Werror -Wvla -c -o /var/folders/5y/sqb03sj90qxbqqpcsxy423nh0000gn/T//vpx-conf-20560-10034.o /var/folders/5y/sqb03sj90qxbqqpcsxy423nh0000gn/T//vpx-conf-20560-10034.cc
check_cflags -Wvla
check_cc -Werror -Wvla
BEGIN /var/folders/5y/sqb03sj90qxbqqpcsxy423nh0000gn/T//vpx-conf-20560-10034.c
     1	int x;
END /var/folders/5y/sqb03sj90qxbqqpcsxy423nh0000gn/T//vpx-conf-20560-10034.c
/Users/avesus/Development/android-ndk-r9d/toolchains/arm-linux-androideabi-4.6/prebuilt/darwin-x86_64/bin/arm-linux-androideabi-gcc --sysroot=/Users/avesus/Development/android-ndk-r9d/platforms/android-19/arch-arm -O3 -fPIC -Wall -Wdeclaration-after-statement -Wdisabled-optimization -Wpointer-arith -Wtype-limits -Wcast-qual -Werror -Wvla -c -o /var/folders/5y/sqb03sj90qxbqqpcsxy423nh0000gn/T//vpx-conf-20560-10034.o /var/folders/5y/sqb03sj90qxbqqpcsxy423nh0000gn/T//vpx-conf-20560-10034.c
check_cxxflags -Wimplicit-function-declaration
check_cxx -Werror -Wimplicit-function-declaration
BEGIN /var/folders/5y/sqb03sj90qxbqqpcsxy423nh0000gn/T//vpx-conf-20560-10034.cc
     1	int x;
END /var/folders/5y/sqb03sj90qxbqqpcsxy423nh0000gn/T//vpx-conf-20560-10034.cc
/Users/avesus/Development/android-ndk-r9d/toolchains/arm-linux-androideabi-4.6/prebuilt/darwin-x86_64/bin/arm-linux-androideabi-g++ --sysroot=/Users/avesus/Development/android-ndk-r9d/platforms/android-19/arch-arm -O3 -fPIC -Wall -Wdisabled-optimization -Wpointer-arith -Wtype-limits -Wcast-qual -Wvla -Werror -Wimplicit-function-declaration -c -o /var/folders/5y/sqb03sj90qxbqqpcsxy423nh0000gn/T//vpx-conf-20560-10034.o /var/folders/5y/sqb03sj90qxbqqpcsxy423nh0000gn/T//vpx-conf-20560-10034.cc
cc1plus: error: command line option '-Wimplicit-function-declaration' is valid for C/ObjC but not for C++ [-Werror]
cc1plus: all warnings being treated as errors

check_cflags -Wimplicit-function-declaration
check_cc -Werror -Wimplicit-function-declaration
BEGIN /var/folders/5y/sqb03sj90qxbqqpcsxy423nh0000gn/T//vpx-conf-20560-10034.c
     1	int x;
END /var/folders/5y/sqb03sj90qxbqqpcsxy423nh0000gn/T//vpx-conf-20560-10034.c
/Users/avesus/Development/android-ndk-r9d/toolchains/arm-linux-androideabi-4.6/prebuilt/darwin-x86_64/bin/arm-linux-androideabi-gcc --sysroot=/Users/avesus/Development/android-ndk-r9d/platforms/android-19/arch-arm -O3 -fPIC -Wall -Wdeclaration-after-statement -Wdisabled-optimization -Wpointer-arith -Wtype-limits -Wcast-qual -Wvla -Werror -Wimplicit-function-declaration -c -o /var/folders/5y/sqb03sj90qxbqqpcsxy423nh0000gn/T//vpx-conf-20560-10034.o /var/folders/5y/sqb03sj90qxbqqpcsxy423nh0000gn/T//vpx-conf-20560-10034.c
check_cxxflags -Wuninitialized
check_cxx -Werror -Wuninitialized
BEGIN /var/folders/5y/sqb03sj90qxbqqpcsxy423nh0000gn/T//vpx-conf-20560-10034.cc
     1	int x;
END /var/folders/5y/sqb03sj90qxbqqpcsxy423nh0000gn/T//vpx-conf-20560-10034.cc
/Users/avesus/Development/android-ndk-r9d/toolchains/arm-linux-androideabi-4.6/prebuilt/darwin-x86_64/bin/arm-linux-androideabi-g++ --sysroot=/Users/avesus/Development/android-ndk-r9d/platforms/android-19/arch-arm -O3 -fPIC -Wall -Wdisabled-optimization -Wpointer-arith -Wtype-limits -Wcast-qual -Wvla -Werror -Wuninitialized -c -o /var/folders/5y/sqb03sj90qxbqqpcsxy423nh0000gn/T//vpx-conf-20560-10034.o /var/folders/5y/sqb03sj90qxbqqpcsxy423nh0000gn/T//vpx-conf-20560-10034.cc
check_cflags -Wuninitialized
check_cc -Werror -Wuninitialized
BEGIN /var/folders/5y/sqb03sj90qxbqqpcsxy423nh0000gn/T//vpx-conf-20560-10034.c
     1	int x;
END /var/folders/5y/sqb03sj90qxbqqpcsxy423nh0000gn/T//vpx-conf-20560-10034.c
/Users/avesus/Development/android-ndk-r9d/toolchains/arm-linux-androideabi-4.6/prebuilt/darwin-x86_64/bin/arm-linux-androideabi-gcc --sysroot=/Users/avesus/Development/android-ndk-r9d/platforms/android-19/arch-arm -O3 -fPIC -Wall -Wdeclaration-after-statement -Wdisabled-optimization -Wpointer-arith -Wtype-limits -Wcast-qual -Wvla -Wimplicit-function-declaration -Werror -Wuninitialized -c -o /var/folders/5y/sqb03sj90qxbqqpcsxy423nh0000gn/T//vpx-conf-20560-10034.o /var/folders/5y/sqb03sj90qxbqqpcsxy423nh0000gn/T//vpx-conf-20560-10034.c
check_cxxflags -Wunused-variable
check_cxx -Werror -Wunused-variable
BEGIN /var/folders/5y/sqb03sj90qxbqqpcsxy423nh0000gn/T//vpx-conf-20560-10034.cc
     1	int x;
END /var/folders/5y/sqb03sj90qxbqqpcsxy423nh0000gn/T//vpx-conf-20560-10034.cc
/Users/avesus/Development/android-ndk-r9d/toolchains/arm-linux-androideabi-4.6/prebuilt/darwin-x86_64/bin/arm-linux-androideabi-g++ --sysroot=/Users/avesus/Development/android-ndk-r9d/platforms/android-19/arch-arm -O3 -fPIC -Wall -Wdisabled-optimization -Wpointer-arith -Wtype-limits -Wcast-qual -Wvla -Wuninitialized -Werror -Wunused-variable -c -o /var/folders/5y/sqb03sj90qxbqqpcsxy423nh0000gn/T//vpx-conf-20560-10034.o /var/folders/5y/sqb03sj90qxbqqpcsxy423nh0000gn/T//vpx-conf-20560-10034.cc
check_cflags -Wunused-variable
check_cc -Werror -Wunused-variable
BEGIN /var/folders/5y/sqb03sj90qxbqqpcsxy423nh0000gn/T//vpx-conf-20560-10034.c
     1	int x;
END /var/folders/5y/sqb03sj90qxbqqpcsxy423nh0000gn/T//vpx-conf-20560-10034.c
/Users/avesus/Development/android-ndk-r9d/toolchains/arm-linux-androideabi-4.6/prebuilt/darwin-x86_64/bin/arm-linux-androideabi-gcc --sysroot=/Users/avesus/Development/android-ndk-r9d/platforms/android-19/arch-arm -O3 -fPIC -Wall -Wdeclaration-after-statement -Wdisabled-optimization -Wpointer-arith -Wtype-limits -Wcast-qual -Wvla -Wimplicit-function-declaration -Wuninitialized -Werror -Wunused-variable -c -o /var/folders/5y/sqb03sj90qxbqqpcsxy423nh0000gn/T//vpx-conf-20560-10034.o /var/folders/5y/sqb03sj90qxbqqpcsxy423nh0000gn/T//vpx-conf-20560-10034.c
check_cxxflags -Wunused-but-set-variable
check_cxx -Werror -Wunused-but-set-variable
BEGIN /var/folders/5y/sqb03sj90qxbqqpcsxy423nh0000gn/T//vpx-conf-20560-10034.cc
     1	int x;
END /var/folders/5y/sqb03sj90qxbqqpcsxy423nh0000gn/T//vpx-conf-20560-10034.cc
/Users/avesus/Development/android-ndk-r9d/toolchains/arm-linux-androideabi-4.6/prebuilt/darwin-x86_64/bin/arm-linux-androideabi-g++ --sysroot=/Users/avesus/Development/android-ndk-r9d/platforms/android-19/arch-arm -O3 -fPIC -Wall -Wdisabled-optimization -Wpointer-arith -Wtype-limits -Wcast-qual -Wvla -Wuninitialized -Wunused-variable -Werror -Wunused-but-set-variable -c -o /var/folders/5y/sqb03sj90qxbqqpcsxy423nh0000gn/T//vpx-conf-20560-10034.o /var/folders/5y/sqb03sj90qxbqqpcsxy423nh0000gn/T//vpx-conf-20560-10034.cc
check_cflags -Wunused-but-set-variable
check_cc -Werror -Wunused-but-set-variable
BEGIN /var/folders/5y/sqb03sj90qxbqqpcsxy423nh0000gn/T//vpx-conf-20560-10034.c
     1	int x;
END /var/folders/5y/sqb03sj90qxbqqpcsxy423nh0000gn/T//vpx-conf-20560-10034.c
/Users/avesus/Development/android-ndk-r9d/toolchains/arm-linux-androideabi-4.6/prebuilt/darwin-x86_64/bin/arm-linux-androideabi-gcc --sysroot=/Users/avesus/Development/android-ndk-r9d/platforms/android-19/arch-arm -O3 -fPIC -Wall -Wdeclaration-after-statement -Wdisabled-optimization -Wpointer-arith -Wtype-limits -Wcast-qual -Wvla -Wimplicit-function-declaration -Wuninitialized -Wunused-variable -Werror -Wunused-but-set-variable -c -o /var/folders/5y/sqb03sj90qxbqqpcsxy423nh0000gn/T//vpx-conf-20560-10034.o /var/folders/5y/sqb03sj90qxbqqpcsxy423nh0000gn/T//vpx-conf-20560-10034.c
check_cxxflags -Wno-unused-function
check_cxx -Werror -Wno-unused-function
BEGIN /var/folders/5y/sqb03sj90qxbqqpcsxy423nh0000gn/T//vpx-conf-20560-10034.cc
     1	int x;
END /var/folders/5y/sqb03sj90qxbqqpcsxy423nh0000gn/T//vpx-conf-20560-10034.cc
/Users/avesus/Development/android-ndk-r9d/toolchains/arm-linux-androideabi-4.6/prebuilt/darwin-x86_64/bin/arm-linux-androideabi-g++ --sysroot=/Users/avesus/Development/android-ndk-r9d/platforms/android-19/arch-arm -O3 -fPIC -Wall -Wdisabled-optimization -Wpointer-arith -Wtype-limits -Wcast-qual -Wvla -Wuninitialized -Wunused-variable -Wunused-but-set-variable -Werror -Wno-unused-function -c -o /var/folders/5y/sqb03sj90qxbqqpcsxy423nh0000gn/T//vpx-conf-20560-10034.o /var/folders/5y/sqb03sj90qxbqqpcsxy423nh0000gn/T//vpx-conf-20560-10034.cc
check_cflags -Wno-unused-function
check_cc -Werror -Wno-unused-function
BEGIN /var/folders/5y/sqb03sj90qxbqqpcsxy423nh0000gn/T//vpx-conf-20560-10034.c
     1	int x;
END /var/folders/5y/sqb03sj90qxbqqpcsxy423nh0000gn/T//vpx-conf-20560-10034.c
/Users/avesus/Development/android-ndk-r9d/toolchains/arm-linux-androideabi-4.6/prebuilt/darwin-x86_64/bin/arm-linux-androideabi-gcc --sysroot=/Users/avesus/Development/android-ndk-r9d/platforms/android-19/arch-arm -O3 -fPIC -Wall -Wdeclaration-after-statement -Wdisabled-optimization -Wpointer-arith -Wtype-limits -Wcast-qual -Wvla -Wimplicit-function-declaration -Wuninitialized -Wunused-variable -Wunused-but-set-variable -Werror -Wno-unused-function -c -o /var/folders/5y/sqb03sj90qxbqqpcsxy423nh0000gn/T//vpx-conf-20560-10034.o /var/folders/5y/sqb03sj90qxbqqpcsxy423nh0000gn/T//vpx-conf-20560-10034.c
check_header stdio.h
check_cpp
BEGIN /var/folders/5y/sqb03sj90qxbqqpcsxy423nh0000gn/T//vpx-conf-20560-10034.c
     1	#include "stdio.h"
     2	int x;
END /var/folders/5y/sqb03sj90qxbqqpcsxy423nh0000gn/T//vpx-conf-20560-10034.c
/Users/avesus/Development/android-ndk-r9d/toolchains/arm-linux-androideabi-4.6/prebuilt/darwin-x86_64/bin/arm-linux-androideabi-gcc --sysroot=/Users/avesus/Development/android-ndk-r9d/platforms/android-19/arch-arm -O3 -fPIC -Wall -Wdeclaration-after-statement -Wdisabled-optimization -Wpointer-arith -Wtype-limits -Wcast-qual -Wvla -Wimplicit-function-declaration -Wuninitialized -Wunused-variable -Wunused-but-set-variable -Wno-unused-function -E -o /var/folders/5y/sqb03sj90qxbqqpcsxy423nh0000gn/T//vpx-conf-20560-10034.o /var/folders/5y/sqb03sj90qxbqqpcsxy423nh0000gn/T//vpx-conf-20560-10034.c
check_ld
check_cc
BEGIN /var/folders/5y/sqb03sj90qxbqqpcsxy423nh0000gn/T//vpx-conf-20560-10034.c
     1	int main(void) {return 0;}
END /var/folders/5y/sqb03sj90qxbqqpcsxy423nh0000gn/T//vpx-conf-20560-10034.c
/Users/avesus/Development/android-ndk-r9d/toolchains/arm-linux-androideabi-4.6/prebuilt/darwin-x86_64/bin/arm-linux-androideabi-gcc --sysroot=/Users/avesus/Development/android-ndk-r9d/platforms/android-19/arch-arm -O3 -fPIC -Wall -Wdeclaration-after-statement -Wdisabled-optimization -Wpointer-arith -Wtype-limits -Wcast-qual -Wvla -Wimplicit-function-declaration -Wuninitialized -Wunused-variable -Wunused-but-set-variable -Wno-unused-function -c -o /var/folders/5y/sqb03sj90qxbqqpcsxy423nh0000gn/T//vpx-conf-20560-10034.o /var/folders/5y/sqb03sj90qxbqqpcsxy423nh0000gn/T//vpx-conf-20560-10034.c
/Users/avesus/Development/android-ndk-r9d/toolchains/arm-linux-androideabi-4.6/prebuilt/darwin-x86_64/bin/arm-linux-androideabi-gcc --sysroot=/Users/avesus/Development/android-ndk-r9d/platforms/android-19/arch-arm -Wl,--fix-cortex-a8 -o /var/folders/5y/sqb03sj90qxbqqpcsxy423nh0000gn/T//vpx-conf-20560-10034.x /var/folders/5y/sqb03sj90qxbqqpcsxy423nh0000gn/T//vpx-conf-20560-10034.o
check_header stdint.h
check_cpp
BEGIN /var/folders/5y/sqb03sj90qxbqqpcsxy423nh0000gn/T//vpx-conf-20560-10034.c
     1	#include "stdint.h"
     2	int x;
END /var/folders/5y/sqb03sj90qxbqqpcsxy423nh0000gn/T//vpx-conf-20560-10034.c
/Users/avesus/Development/android-ndk-r9d/toolchains/arm-linux-androideabi-4.6/prebuilt/darwin-x86_64/bin/arm-linux-androideabi-gcc --sysroot=/Users/avesus/Development/android-ndk-r9d/platforms/android-19/arch-arm -O3 -fPIC -Wall -Wdeclaration-after-statement -Wdisabled-optimization -Wpointer-arith -Wtype-limits -Wcast-qual -Wvla -Wimplicit-function-declaration -Wuninitialized -Wunused-variable -Wunused-but-set-variable -Wno-unused-function -E -o /var/folders/5y/sqb03sj90qxbqqpcsxy423nh0000gn/T//vpx-conf-20560-10034.o /var/folders/5y/sqb03sj90qxbqqpcsxy423nh0000gn/T//vpx-conf-20560-10034.c
check_header pthread.h
check_cpp
BEGIN /var/folders/5y/sqb03sj90qxbqqpcsxy423nh0000gn/T//vpx-conf-20560-10034.c
     1	#include "pthread.h"
     2	int x;
END /var/folders/5y/sqb03sj90qxbqqpcsxy423nh0000gn/T//vpx-conf-20560-10034.c
/Users/avesus/Development/android-ndk-r9d/toolchains/arm-linux-androideabi-4.6/prebuilt/darwin-x86_64/bin/arm-linux-androideabi-gcc --sysroot=/Users/avesus/Development/android-ndk-r9d/platforms/android-19/arch-arm -O3 -fPIC -Wall -Wdeclaration-after-statement -Wdisabled-optimization -Wpointer-arith -Wtype-limits -Wcast-qual -Wvla -Wimplicit-function-declaration -Wuninitialized -Wunused-variable -Wunused-but-set-variable -Wno-unused-function -E -o /var/folders/5y/sqb03sj90qxbqqpcsxy423nh0000gn/T//vpx-conf-20560-10034.o /var/folders/5y/sqb03sj90qxbqqpcsxy423nh0000gn/T//vpx-conf-20560-10034.c
check_header sys/mman.h
check_cpp
BEGIN /var/folders/5y/sqb03sj90qxbqqpcsxy423nh0000gn/T//vpx-conf-20560-10034.c
     1	#include "sys/mman.h"
     2	int x;
END /var/folders/5y/sqb03sj90qxbqqpcsxy423nh0000gn/T//vpx-conf-20560-10034.c
/Users/avesus/Development/android-ndk-r9d/toolchains/arm-linux-androideabi-4.6/prebuilt/darwin-x86_64/bin/arm-linux-androideabi-gcc --sysroot=/Users/avesus/Development/android-ndk-r9d/platforms/android-19/arch-arm -O3 -fPIC -Wall -Wdeclaration-after-statement -Wdisabled-optimization -Wpointer-arith -Wtype-limits -Wcast-qual -Wvla -Wimplicit-function-declaration -Wuninitialized -Wunused-variable -Wunused-but-set-variable -Wno-unused-function -E -o /var/folders/5y/sqb03sj90qxbqqpcsxy423nh0000gn/T//vpx-conf-20560-10034.o /var/folders/5y/sqb03sj90qxbqqpcsxy423nh0000gn/T//vpx-conf-20560-10034.c
check_header unistd.h
check_cpp
BEGIN /var/folders/5y/sqb03sj90qxbqqpcsxy423nh0000gn/T//vpx-conf-20560-10034.c
     1	#include "unistd.h"
     2	int x;
END /var/folders/5y/sqb03sj90qxbqqpcsxy423nh0000gn/T//vpx-conf-20560-10034.c
/Users/avesus/Development/android-ndk-r9d/toolchains/arm-linux-androideabi-4.6/prebuilt/darwin-x86_64/bin/arm-linux-androideabi-gcc --sysroot=/Users/avesus/Development/android-ndk-r9d/platforms/android-19/arch-arm -O3 -fPIC -Wall -Wdeclaration-after-statement -Wdisabled-optimization -Wpointer-arith -Wtype-limits -Wcast-qual -Wvla -Wimplicit-function-declaration -Wuninitialized -Wunused-variable -Wunused-but-set-variable -Wno-unused-function -E -o /var/folders/5y/sqb03sj90qxbqqpcsxy423nh0000gn/T//vpx-conf-20560-10034.o /var/folders/5y/sqb03sj90qxbqqpcsxy423nh0000gn/T//vpx-conf-20560-10034.c
check_header vpx/vpx_integer.h -I./libvpx
check_cpp -I./libvpx
BEGIN /var/folders/5y/sqb03sj90qxbqqpcsxy423nh0000gn/T//vpx-conf-20560-10034.c
     1	#include "vpx/vpx_integer.h"
     2	int x;
END /var/folders/5y/sqb03sj90qxbqqpcsxy423nh0000gn/T//vpx-conf-20560-10034.c
/Users/avesus/Development/android-ndk-r9d/toolchains/arm-linux-androideabi-4.6/prebuilt/darwin-x86_64/bin/arm-linux-androideabi-gcc --sysroot=/Users/avesus/Development/android-ndk-r9d/platforms/android-19/arch-arm -O3 -fPIC -Wall -Wdeclaration-after-statement -Wdisabled-optimization -Wpointer-arith -Wtype-limits -Wcast-qual -Wvla -Wimplicit-function-declaration -Wuninitialized -Wunused-variable -Wunused-but-set-variable -Wno-unused-function -I./libvpx -E -o /var/folders/5y/sqb03sj90qxbqqpcsxy423nh0000gn/T//vpx-conf-20560-10034.o /var/folders/5y/sqb03sj90qxbqqpcsxy423nh0000gn/T//vpx-conf-20560-10034.c
